<?xml version="1.0" encoding="UTF-8"?>
<testsuite xmlns:xsi="http://www.w3.org/2001/XMLSchema-instance" xsi:noNamespaceSchemaLocation="https://maven.apache.org/surefire/maven-surefire-plugin/xsd/surefire-test-report.xsd" name="com.relatorio.AppTest" time="0.04" tests="1" errors="0" skipped="0" failures="0">
  <properties>
    <property name="java.specification.version" value="18"/>
    <property name="sun.jnu.encoding" value="UTF-8"/>
    <property name="java.class.path" value="/home/flexabus-java-3/pasta do jao/relatorio/target/test-classes:/home/flexabus-java-3/pasta do jao/relatorio/target/classes:/home/flexabus-java-3/.m2/repository/junit/junit/4.11/junit-4.11.jar:/home/flexabus-java-3/.m2/repository/org/hamcrest/hamcrest-core/1.3/hamcrest-core-1.3.jar:/home/flexabus-java-3/.m2/repository/net/sf/jasperreports/jasperreports/6.20.0/jasperreports-6.20.0.jar:/home/flexabus-java-3/.m2/repository/commons-beanutils/commons-beanutils/1.9.4/commons-beanutils-1.9.4.jar:/home/flexabus-java-3/.m2/repository/commons-collections/commons-collections/3.2.2/commons-collections-3.2.2.jar:/home/flexabus-java-3/.m2/repository/commons-digester/commons-digester/2.1/commons-digester-2.1.jar:/home/flexabus-java-3/.m2/repository/commons-logging/commons-logging/1.1.1/commons-logging-1.1.1.jar:/home/flexabus-java-3/.m2/repository/org/apache/commons/commons-collections4/4.2/commons-collections4-4.2.jar:/home/flexabus-java-3/.m2/repository/com/lowagie/itext/2.1.7.js10/itext-2.1.7.js10.jar:/home/flexabus-java-3/.m2/repository/org/bouncycastle/bcprov-jdk15on/1.70/bcprov-jdk15on-1.70.jar:/home/flexabus-java-3/.m2/repository/org/bouncycastle/bcutil-jdk15on/1.70/bcutil-jdk15on-1.70.jar:/home/flexabus-java-3/.m2/repository/org/jfree/jcommon/1.0.23/jcommon-1.0.23.jar:/home/flexabus-java-3/.m2/repository/org/jfree/jfreechart/1.0.19/jfreechart-1.0.19.jar:/home/flexabus-java-3/.m2/repository/org/eclipse/jdt/ecj/3.21.0/ecj-3.21.0.jar:/home/flexabus-java-3/.m2/repository/com/fasterxml/jackson/core/jackson-core/2.13.3/jackson-core-2.13.3.jar:/home/flexabus-java-3/.m2/repository/com/fasterxml/jackson/core/jackson-databind/2.13.3/jackson-databind-2.13.3.jar:/home/flexabus-java-3/.m2/repository/com/fasterxml/jackson/core/jackson-annotations/2.13.3/jackson-annotations-2.13.3.jar:/home/flexabus-java-3/.m2/repository/com/fasterxml/jackson/dataformat/jackson-dataformat-xml/2.13.3/jackson-dataformat-xml-2.13.3.jar:/home/flexabus-java-3/.m2/repository/org/codehaus/woodstox/stax2-api/4.2.1/stax2-api-4.2.1.jar:/home/flexabus-java-3/.m2/repository/com/fasterxml/woodstox/woodstox-core/6.2.7/woodstox-core-6.2.7.jar:/home/flexabus-java-3/.m2/repository/net/sf/jasperreports/jasperreports-fonts/6.20.0/jasperreports-fonts-6.20.0.jar:"/>
    <property name="java.vm.vendor" value="Private Build"/>
    <property name="sun.arch.data.model" value="64"/>
    <property name="java.vendor.url" value="Unknown"/>
    <property name="user.country.format" value="BR"/>
    <property name="os.name" value="Linux"/>
    <property name="java.vm.specification.version" value="18"/>
    <property name="sun.java.launcher" value="SUN_STANDARD"/>
    <property name="user.country" value="US"/>
    <property name="sun.boot.library.path" value="/usr/lib/jvm/java-18-openjdk-amd64/lib"/>
    <property name="sun.java.command" value="/home/flexabus-java-3/pasta do jao/relatorio/target/surefire/surefirebooter17483079329427956997.jar /home/flexabus-java-3/pasta do jao/relatorio/target/surefire 2022-11-21T09-25-12_138-jvmRun1 surefire16925892316914323656tmp surefire_0768000320947441059tmp"/>
    <property name="jdk.debug" value="release"/>
    <property name="surefire.test.class.path" value="/home/flexabus-java-3/pasta do jao/relatorio/target/test-classes:/home/flexabus-java-3/pasta do jao/relatorio/target/classes:/home/flexabus-java-3/.m2/repository/junit/junit/4.11/junit-4.11.jar:/home/flexabus-java-3/.m2/repository/org/hamcrest/hamcrest-core/1.3/hamcrest-core-1.3.jar:/home/flexabus-java-3/.m2/repository/net/sf/jasperreports/jasperreports/6.20.0/jasperreports-6.20.0.jar:/home/flexabus-java-3/.m2/repository/commons-beanutils/commons-beanutils/1.9.4/commons-beanutils-1.9.4.jar:/home/flexabus-java-3/.m2/repository/commons-collections/commons-collections/3.2.2/commons-collections-3.2.2.jar:/home/flexabus-java-3/.m2/repository/commons-digester/commons-digester/2.1/commons-digester-2.1.jar:/home/flexabus-java-3/.m2/repository/commons-logging/commons-logging/1.1.1/commons-logging-1.1.1.jar:/home/flexabus-java-3/.m2/repository/org/apache/commons/commons-collections4/4.2/commons-collections4-4.2.jar:/home/flexabus-java-3/.m2/repository/com/lowagie/itext/2.1.7.js10/itext-2.1.7.js10.jar:/home/flexabus-java-3/.m2/repository/org/bouncycastle/bcprov-jdk15on/1.70/bcprov-jdk15on-1.70.jar:/home/flexabus-java-3/.m2/repository/org/bouncycastle/bcutil-jdk15on/1.70/bcutil-jdk15on-1.70.jar:/home/flexabus-java-3/.m2/repository/org/jfree/jcommon/1.0.23/jcommon-1.0.23.jar:/home/flexabus-java-3/.m2/repository/org/jfree/jfreechart/1.0.19/jfreechart-1.0.19.jar:/home/flexabus-java-3/.m2/repository/org/eclipse/jdt/ecj/3.21.0/ecj-3.21.0.jar:/home/flexabus-java-3/.m2/repository/com/fasterxml/jackson/core/jackson-core/2.13.3/jackson-core-2.13.3.jar:/home/flexabus-java-3/.m2/repository/com/fasterxml/jackson/core/jackson-databind/2.13.3/jackson-databind-2.13.3.jar:/home/flexabus-java-3/.m2/repository/com/fasterxml/jackson/core/jackson-annotations/2.13.3/jackson-annotations-2.13.3.jar:/home/flexabus-java-3/.m2/repository/com/fasterxml/jackson/dataformat/jackson-dataformat-xml/2.13.3/jackson-dataformat-xml-2.13.3.jar:/home/flexabus-java-3/.m2/repository/org/codehaus/woodstox/stax2-api/4.2.1/stax2-api-4.2.1.jar:/home/flexabus-java-3/.m2/repository/com/fasterxml/woodstox/woodstox-core/6.2.7/woodstox-core-6.2.7.jar:/home/flexabus-java-3/.m2/repository/net/sf/jasperreports/jasperreports-fonts/6.20.0/jasperreports-fonts-6.20.0.jar:"/>
    <property name="sun.cpu.endian" value="little"/>
    <property name="user.home" value="/home/flexabus-java-3"/>
    <property name="user.language" value="en"/>
    <property name="java.specification.vendor" value="Oracle Corporation"/>
    <property name="java.version.date" value="2022-07-19"/>
    <property name="java.home" value="/usr/lib/jvm/java-18-openjdk-amd64"/>
    <property name="file.separator" value="/"/>
    <property name="basedir" value="/home/flexabus-java-3/pasta do jao/relatorio"/>
    <property name="java.vm.compressedOopsMode" value="Zero based"/>
    <property name="line.separator" value="&#10;"/>
    <property name="java.specification.name" value="Java Platform API Specification"/>
    <property name="java.vm.specification.vendor" value="Oracle Corporation"/>
    <property name="surefire.real.class.path" value="/home/flexabus-java-3/pasta do jao/relatorio/target/surefire/surefirebooter17483079329427956997.jar"/>
    <property name="sun.management.compiler" value="HotSpot 64-Bit Tiered Compilers"/>
    <property name="java.runtime.version" value="18.0.2-ea+9-Ubuntu-222.04"/>
    <property name="user.name" value="flexabus-java-3"/>
    <property name="path.separator" value=":"/>
    <property name="os.version" value="5.15.0-53-generic"/>
    <property name="java.runtime.name" value="OpenJDK Runtime Environment"/>
    <property name="file.encoding" value="UTF-8"/>
    <property name="java.vm.name" value="OpenJDK 64-Bit Server VM"/>
    <property name="localRepository" value="/home/flexabus-java-3/.m2/repository"/>
    <property name="java.vendor.url.bug" value="Unknown"/>
    <property name="java.io.tmpdir" value="/tmp"/>
    <property name="java.version" value="18.0.2-ea"/>
    <property name="user.dir" value="/home/flexabus-java-3/pasta do jao/relatorio"/>
    <property name="os.arch" value="amd64"/>
    <property name="java.vm.specification.name" value="Java Virtual Machine Specification"/>
    <property name="user.language.format" value="pt"/>
    <property name="native.encoding" value="UTF-8"/>
    <property name="java.library.path" value="/usr/java/packages/lib:/usr/lib/x86_64-linux-gnu/jni:/lib/x86_64-linux-gnu:/usr/lib/x86_64-linux-gnu:/usr/lib/jni:/lib:/usr/lib"/>
    <property name="java.vm.info" value="mixed mode, sharing"/>
    <property name="java.vendor" value="Private Build"/>
    <property name="java.vm.version" value="18.0.2-ea+9-Ubuntu-222.04"/>
    <property name="sun.io.unicode.encoding" value="UnicodeLittle"/>
    <property name="java.class.version" value="62.0"/>
  </properties>
  <testcase name="shouldAnswerWithTrue" classname="com.relatorio.AppTest" time="0.007"/>
</testsuite>